[0.044s] Invoking command in '/home/xamjam/ros2_ws/build/turtle_sim_project': CMAKE_PREFIX_PATH=${CMAKE_PREFIX_PATH}:/opt/ros/humble /usr/bin/cmake --build /home/xamjam/ros2_ws/build/turtle_sim_project -- -j16 -l16
[0.074s] [35m[1mConsolidate compiler generated dependencies of target turtle_spawner_node[0m
[0.084s] [ 50%] Built target turtle_controller_node
[0.089s] [ 75%] [32mBuilding CXX object CMakeFiles/turtle_spawner_node.dir/src/turtle_spawner.cpp.o[0m
[1.549s] [01m[K/home/xamjam/ros2_ws/src/turtle_sim_project/src/turtle_spawner.cpp:[m[K In constructor â€˜[01m[KTurtleSpawnerNode::TurtleSpawnerNode()[m[Kâ€™:
[1.549s] [01m[K/home/xamjam/ros2_ws/src/turtle_sim_project/src/turtle_spawner.cpp:20:41:[m[K [01;31m[Kerror: [m[KISO C++ forbids taking the address of an unqualified or parenthesized non-static member function to form a pointer to member function.  Say â€˜[01m[K&TurtleSpawnerNode::kill_turtle_service_response_callback[m[Kâ€™ [[01;31m[K]8;;https://gcc.gnu.org/onlinedocs/gcc/Warning-Options.html#index-fpermissive-fpermissive]8;;[m[K]
[1.549s]    20 |                              std::bind(&[01;31m[Kkill_turtle_service_response_callback[m[K, this, std::placeholders::_1, std::placeholders::_2));
[1.549s]       |                                         [01;31m[K^~~~~~~~~~~~~~~~~~~~~~~~~~~~~~~~~~~~~[m[K
[2.338s] gmake[2]: *** [CMakeFiles/turtle_spawner_node.dir/build.make:76: CMakeFiles/turtle_spawner_node.dir/src/turtle_spawner.cpp.o] Error 1
[2.339s] gmake[1]: *** [CMakeFiles/Makefile2:165: CMakeFiles/turtle_spawner_node.dir/all] Error 2
[2.339s] gmake: *** [Makefile:146: all] Error 2
[2.340s] Invoked command in '/home/xamjam/ros2_ws/build/turtle_sim_project' returned '2': CMAKE_PREFIX_PATH=${CMAKE_PREFIX_PATH}:/opt/ros/humble /usr/bin/cmake --build /home/xamjam/ros2_ws/build/turtle_sim_project -- -j16 -l16
