[0.043s] Invoking command in '/home/xamjam/ros2_ws/build/turtle_sim_project': CMAKE_PREFIX_PATH=${CMAKE_PREFIX_PATH}:/opt/ros/humble /usr/bin/cmake --build /home/xamjam/ros2_ws/build/turtle_sim_project -- -j16 -l16
[0.073s] [35m[1mConsolidate compiler generated dependencies of target turtle_spawner_node[0m
[0.083s] [ 25%] [32mBuilding CXX object CMakeFiles/turtle_controller_node.dir/src/turtle_controller_node.cpp.o[0m
[0.088s] [ 50%] [32mBuilding CXX object CMakeFiles/turtle_spawner_node.dir/src/turtle_spawner.cpp.o[0m
[1.671s] [01m[K/home/xamjam/ros2_ws/src/turtle_sim_project/src/turtle_spawner.cpp:[m[K In member function â€˜[01m[Kvoid TurtleSpawnerNode::kill_turtle_service_response_callback(custom_interfaces::srv::TurtleKill_Request_<std::allocator<void> >::SharedPtr, custom_interfaces::srv::TurtleKill_Response_<std::allocator<void> >::SharedPtr)[m[Kâ€™:
[1.671s] [01m[K/home/xamjam/ros2_ws/src/turtle_sim_project/src/turtle_spawner.cpp:39:14:[m[K [01;31m[Kerror: [m[Kdeclaration of â€˜[01m[Kauto request[m[Kâ€™ shadows a parameter
[1.671s]    39 |         auto [01;31m[Krequest[m[K = std::make_shared<turtlesim::srv::Kill::Request>();
[1.671s]       |              [01;31m[K^~~~~~~[m[K
[1.671s] [01m[K/home/xamjam/ros2_ws/src/turtle_sim_project/src/turtle_spawner.cpp:36:103:[m[K [01;36m[Knote: [m[Kâ€˜[01m[Kcustom_interfaces::srv::TurtleKill_Request_<std::allocator<void> >::SharedPtr request[m[Kâ€™ previously declared here
[1.671s]    36 |     void kill_turtle_service_response_callback([01;36m[Kcustom_interfaces::srv::TurtleKill::Request::SharedPtr request[m[K,
[1.671s]       |                                                [01;36m[K~~~~~~~~~~~~~~~~~~~~~~~~~~~~~~~~~~~~~~~~~~~~~~~~~~~~~~~^~~~~~~[m[K
[1.675s] [01m[K/home/xamjam/ros2_ws/src/turtle_sim_project/src/turtle_spawner.cpp:36:103:[m[K [01;35m[Kwarning: [m[Kunused parameter â€˜[01m[Krequest[m[Kâ€™ [[01;35m[K]8;;https://gcc.gnu.org/onlinedocs/gcc/Warning-Options.html#index-Wunused-parameter-Wunused-parameter]8;;[m[K]
[2.842s] gmake[2]: *** [CMakeFiles/turtle_spawner_node.dir/build.make:76: CMakeFiles/turtle_spawner_node.dir/src/turtle_spawner.cpp.o] Error 1
[2.842s] gmake[1]: *** [CMakeFiles/Makefile2:165: CMakeFiles/turtle_spawner_node.dir/all] Error 2
[2.842s] gmake[1]: *** Waiting for unfinished jobs....
[7.338s] [ 75%] [32m[1mLinking CXX executable turtle_controller_node[0m
[7.699s] [ 75%] Built target turtle_controller_node
[7.700s] gmake: *** [Makefile:146: all] Error 2
[7.702s] Invoked command in '/home/xamjam/ros2_ws/build/turtle_sim_project' returned '2': CMAKE_PREFIX_PATH=${CMAKE_PREFIX_PATH}:/opt/ros/humble /usr/bin/cmake --build /home/xamjam/ros2_ws/build/turtle_sim_project -- -j16 -l16
