[35m[1mConsolidate compiler generated dependencies of target turtle_spawner_node[0m
[ 25%] [32mBuilding CXX object CMakeFiles/turtle_controller_node.dir/src/turtle_controller_node.cpp.o[0m
[ 75%] Built target turtle_spawner_node
[01m[K/home/xamjam/ros2_ws/src/turtle_sim_project/src/turtle_controller_node.cpp:[m[K In member function â€˜[01m[Kvoid TurtleControllerNode::helper_send_kill_turtle_request(std::string)[m[Kâ€™:
[01m[K/home/xamjam/ros2_ws/src/turtle_sim_project/src/turtle_controller_node.cpp:117:163:[m[K [01;31m[Kerror: [m[Kexpected â€˜[01m[K)[m[Kâ€™ before â€˜[01m[K;[m[Kâ€™ token
  117 | rNode::helper_remove_turtle_callback, this, std::placeholders::_1)[01;31m[K;[m[K
      |                                                                   [01;31m[K^[m[K

[01m[K/home/xamjam/ros2_ws/src/turtle_sim_project/src/turtle_controller_node.cpp:117:60:[m[K [01;36m[Knote: [m[Kto match this â€˜[01m[K([m[Kâ€™
  117 |      remove_turtle_from_list_client_->async_send_request[01;36m[K([m[Krequest_2,std::bind(&TurtleControllerNode::helper_remove_turtle_callback, this, std::placeholders::_1);
      |                                                         [01;36m[K^[m[K

gmake[2]: *** [CMakeFiles/turtle_controller_node.dir/build.make:76: CMakeFiles/turtle_controller_node.dir/src/turtle_controller_node.cpp.o] Error 1
gmake[1]: *** [CMakeFiles/Makefile2:139: CMakeFiles/turtle_controller_node.dir/all] Error 2
gmake: *** [Makefile:146: all] Error 2
